2025-07-02 03:06:20 - [1;34m__main__[0m - [1;32mINFO[0m - Logging initialized at INFO level. Log file: /home/vanilla/.config/clipse-gui/clipse-gui.log
2025-07-02 03:06:21 - [1;34mclipse_gui.data_manager[0m - [1;32mINFO[0m - History file not found: /home/vanilla/.config/clipse/clipboard_history.json. Starting fresh.
2025-07-02 03:19:46 - [1;34m__main__[0m - [1;32mINFO[0m - Logging initialized at INFO level. Log file: /home/vanilla/.config/clipse-gui/clipse-gui.log
2025-07-02 03:21:45 - [1;34m__main__[0m - [1;32mINFO[0m - Logging initialized at INFO level. Log file: /home/vanilla/.config/clipse-gui/clipse-gui.log
2025-07-02 03:21:48 - [1;34m__main__[0m - [1;32mINFO[0m - Application exited with status 0.
2025-07-02 03:22:55 - [1;34m__main__[0m - [1;32mINFO[0m - Logging initialized at INFO level. Log file: /home/vanilla/.config/clipse-gui/clipse-gui.log
2025-07-02 03:22:57 - [1;34m__main__[0m - [1;32mINFO[0m - Application exited with status 0.
2025-07-02 03:25:33 - [1;34m__main__[0m - [1;32mINFO[0m - Logging initialized at INFO level. Log file: /home/vanilla/.config/clipse-gui/clipse-gui.log
2025-07-02 03:25:34 - [1;34mclipse_gui.controller[0m - [1;32mINFO[0m - Quitting application.
2025-07-02 03:25:34 - [1;34m__main__[0m - [1;32mINFO[0m - Application exited with status 0.
2025-07-02 03:25:38 - [1;34m__main__[0m - [1;32mINFO[0m - Logging initialized at INFO level. Log file: /home/vanilla/.config/clipse-gui/clipse-gui.log
2025-07-02 03:26:06 - [1;34m__main__[0m - [1;32mINFO[0m - Application exited with status 0.
2025-07-02 03:26:20 - [1;34m__main__[0m - [1;32mINFO[0m - Logging initialized at INFO level. Log file: /home/vanilla/.config/clipse-gui/clipse-gui.log
2025-07-02 03:26:37 - [1;34mclipse_gui.controller[0m - [1;32mINFO[0m - Main window closed.
2025-07-02 03:26:37 - [1;34m__main__[0m - [1;32mINFO[0m - Application exited with status 0.
2025-07-02 03:26:43 - [1;34m__main__[0m - [1;32mINFO[0m - Logging initialized at INFO level. Log file: /home/vanilla/.config/clipse-gui/clipse-gui.log
2025-07-02 03:26:46 - [1;34m__main__[0m - [1;32mINFO[0m - Application exited with status 0.
2025-07-02 03:27:03 - [1;34m__main__[0m - [1;32mINFO[0m - Logging initialized at INFO level. Log file: /home/vanilla/.config/clipse-gui/clipse-gui.log
2025-07-02 03:27:09 - [1;34m__main__[0m - [1;32mINFO[0m - Application exited with status 0.
2025-07-02 03:27:13 - [1;34m__main__[0m - [1;32mINFO[0m - Logging initialized at INFO level. Log file: /home/vanilla/.config/clipse-gui/clipse-gui.log
2025-07-02 03:27:14 - [1;34m__main__[0m - [1;32mINFO[0m - Application exited with status 0.
2025-07-02 03:27:18 - [1;34m__main__[0m - [1;32mINFO[0m - Logging initialized at INFO level. Log file: /home/vanilla/.config/clipse-gui/clipse-gui.log
2025-07-02 03:27:21 - [1;34m__main__[0m - [1;32mINFO[0m - Application exited with status 0.
2025-07-02 11:10:41 - [1;34m__main__[0m - [1;32mINFO[0m - Logging initialized at INFO level. Log file: /home/vanilla/.config/clipse-gui/clipse-gui.log
2025-07-02 11:10:43 - [1;34mclipse_gui.controller[0m - [1;32mINFO[0m - Image copied successfully.
2025-07-02 11:10:43 - [1;34mclipse_gui.controller[0m - [1;32mINFO[0m - Quitting application.
2025-07-02 11:10:43 - [1;34m__main__[0m - [1;32mINFO[0m - Application exited with status 0.
2025-07-02 11:50:54 - [1;34m__main__[0m - [1;32mINFO[0m - Logging initialized at INFO level. Log file: /home/vanilla/.config/clipse-gui/clipse-gui.log
2025-07-02 11:50:56 - [1;34mclipse_gui.controller[0m - [1;32mINFO[0m - Quitting application.
2025-07-02 11:50:56 - [1;34m__main__[0m - [1;32mINFO[0m - Application exited with status 0.
2025-07-02 12:12:12 - [1;34m__main__[0m - [1;32mINFO[0m - Logging initialized at INFO level. Log file: /home/vanilla/.config/clipse-gui/clipse-gui.log
2025-07-02 12:12:17 - [1;34mclipse_gui.controller[0m - [1;32mINFO[0m - Quitting application.
2025-07-02 12:12:17 - [1;34m__main__[0m - [1;32mINFO[0m - Application exited with status 0.
2025-07-02 12:24:34 - [1;34m__main__[0m - [1;32mINFO[0m - Logging initialized at INFO level. Log file: /home/vanilla/.config/clipse-gui/clipse-gui.log
2025-07-02 12:24:38 - [1;34mclipse_gui.controller[0m - [1;32mINFO[0m - Quitting application.
2025-07-02 12:24:38 - [1;34m__main__[0m - [1;32mINFO[0m - Application exited with status 0.
2025-07-02 13:06:42 - [1;34m__main__[0m - [1;32mINFO[0m - Logging initialized at INFO level. Log file: /home/vanilla/.config/clipse-gui/clipse-gui.log
2025-07-02 13:06:45 - [1;34mclipse_gui.controller[0m - [1;32mINFO[0m - Quitting application.
2025-07-02 13:06:45 - [1;34m__main__[0m - [1;32mINFO[0m - Application exited with status 0.
2025-07-02 13:06:47 - [1;34m__main__[0m - [1;32mINFO[0m - Logging initialized at INFO level. Log file: /home/vanilla/.config/clipse-gui/clipse-gui.log
2025-07-02 13:07:00 - [1;34m__main__[0m - [1;32mINFO[0m - Application exited with status 0.
2025-07-02 13:09:18 - [1;34m__main__[0m - [1;32mINFO[0m - Logging initialized at INFO level. Log file: /home/vanilla/.config/clipse-gui/clipse-gui.log
2025-07-02 13:09:21 - [1;34mclipse_gui.controller[0m - [1;32mINFO[0m - Quitting application.
2025-07-02 13:09:21 - [1;34m__main__[0m - [1;32mINFO[0m - Application exited with status 0.
2025-07-02 13:09:31 - [1;34m__main__[0m - [1;32mINFO[0m - Logging initialized at INFO level. Log file: /home/vanilla/.config/clipse-gui/clipse-gui.log
2025-07-02 13:09:33 - [1;34mclipse_gui.controller[0m - [1;32mINFO[0m - Quitting application.
2025-07-02 13:09:33 - [1;34m__main__[0m - [1;32mINFO[0m - Application exited with status 0.
2025-07-02 13:15:05 - [1;34m__main__[0m - [1;32mINFO[0m - Logging initialized at INFO level. Log file: /home/vanilla/.config/clipse-gui/clipse-gui.log
2025-07-02 13:15:11 - [1;34mclipse_gui.controller[0m - [1;32mINFO[0m - Paste simulation (wtype) command successful.
2025-07-02 13:15:11 - [1;34mclipse_gui.controller[0m - [1;32mINFO[0m - Paste simulation command successful.
2025-07-02 13:15:11 - [1;34mclipse_gui.controller[0m - [1;32mINFO[0m - Quitting application.
2025-07-02 13:15:11 - [1;34m__main__[0m - [1;32mINFO[0m - Application exited with status 0.
2025-07-02 13:16:53 - [1;34m__main__[0m - [1;32mINFO[0m - Logging initialized at INFO level. Log file: /home/vanilla/.config/clipse-gui/clipse-gui.log
2025-07-02 13:16:57 - [1;34mclipse_gui.controller[0m - [1;32mINFO[0m - Quitting application.
2025-07-02 13:16:57 - [1;34m__main__[0m - [1;32mINFO[0m - Application exited with status 0.
2025-07-02 13:21:07 - [1;34m__main__[0m - [1;32mINFO[0m - Logging initialized at INFO level. Log file: /home/vanilla/.config/clipse-gui/clipse-gui.log
2025-07-02 13:21:34 - [1;34mclipse_gui.controller[0m - [1;32mINFO[0m - Quitting application.
2025-07-02 13:21:34 - [1;34m__main__[0m - [1;32mINFO[0m - Application exited with status 0.
2025-07-02 13:23:40 - [1;34m__main__[0m - [1;32mINFO[0m - Logging initialized at INFO level. Log file: /home/vanilla/.config/clipse-gui/clipse-gui.log
2025-07-02 13:23:49 - [1;34mclipse_gui.controller[0m - [1;32mINFO[0m - Quitting application.
2025-07-02 13:23:49 - [1;34m__main__[0m - [1;32mINFO[0m - Application exited with status 0.
2025-07-02 13:35:07 - [1;34m__main__[0m - [1;32mINFO[0m - Logging initialized at INFO level. Log file: /home/vanilla/.config/clipse-gui/clipse-gui.log
2025-07-02 13:35:11 - [1;34m__main__[0m - [1;32mINFO[0m - Application exited with status 0.
2025-07-02 13:49:38 - [1;34m__main__[0m - [1;32mINFO[0m - Logging initialized at INFO level. Log file: /home/vanilla/.config/clipse-gui/clipse-gui.log
2025-07-02 13:49:40 - [1;34mclipse_gui.controller[0m - [1;32mINFO[0m - Quitting application.
2025-07-02 13:49:40 - [1;34m__main__[0m - [1;32mINFO[0m - Application exited with status 0.
2025-07-02 13:49:47 - [1;34m__main__[0m - [1;32mINFO[0m - Logging initialized at INFO level. Log file: /home/vanilla/.config/clipse-gui/clipse-gui.log
2025-07-02 13:49:49 - [1;34mclipse_gui.controller[0m - [1;32mINFO[0m - Image copied successfully.
2025-07-02 13:49:49 - [1;34mclipse_gui.controller[0m - [1;32mINFO[0m - Quitting application.
2025-07-02 13:49:49 - [1;34m__main__[0m - [1;32mINFO[0m - Application exited with status 0.
2025-07-02 13:52:52 - [1;34m__main__[0m - [1;32mINFO[0m - Logging initialized at INFO level. Log file: /home/vanilla/.config/clipse-gui/clipse-gui.log
2025-07-02 13:52:55 - [1;34mclipse_gui.controller[0m - [1;32mINFO[0m - Image copied successfully.
2025-07-02 13:52:55 - [1;34mclipse_gui.controller[0m - [1;32mINFO[0m - Quitting application.
2025-07-02 13:52:55 - [1;34m__main__[0m - [1;32mINFO[0m - Application exited with status 0.
2025-07-02 14:09:04 - [1;34m__main__[0m - [1;32mINFO[0m - Logging initialized at INFO level. Log file: /home/vanilla/.config/clipse-gui/clipse-gui.log
2025-07-02 14:09:06 - [1;34mclipse_gui.controller[0m - [1;32mINFO[0m - Quitting application.
2025-07-02 14:09:06 - [1;34m__main__[0m - [1;32mINFO[0m - Application exited with status 0.
2025-07-02 15:07:17 - [1;34m__main__[0m - [1;32mINFO[0m - Logging initialized at INFO level. Log file: /home/vanilla/.config/clipse-gui/clipse-gui.log
2025-07-02 15:07:21 - [1;34mclipse_gui.controller[0m - [1;32mINFO[0m - Quitting application.
2025-07-02 15:07:21 - [1;34m__main__[0m - [1;32mINFO[0m - Application exited with status 0.
2025-07-02 16:45:19 - [1;34m__main__[0m - [1;32mINFO[0m - Logging initialized at INFO level. Log file: /home/vanilla/.config/clipse-gui/clipse-gui.log
2025-07-02 16:45:25 - [1;34mclipse_gui.controller[0m - [1;32mINFO[0m - Image copied successfully.
2025-07-02 16:45:25 - [1;34mclipse_gui.controller[0m - [1;32mINFO[0m - Quitting application.
2025-07-02 16:45:25 - [1;34m__main__[0m - [1;32mINFO[0m - Application exited with status 0.
2025-07-02 18:37:59 - [1;34m__main__[0m - [1;32mINFO[0m - Logging initialized at INFO level. Log file: /home/vanilla/.config/clipse-gui/clipse-gui.log
2025-07-02 18:38:13 - [1;34mclipse_gui.controller[0m - [1;32mINFO[0m - Quitting application.
2025-07-02 18:38:13 - [1;34m__main__[0m - [1;32mINFO[0m - Application exited with status 0.
2025-07-02 20:49:50 - [1;34m__main__[0m - [1;32mINFO[0m - Logging initialized at INFO level. Log file: /home/vanilla/.config/clipse-gui/clipse-gui.log
2025-07-02 20:49:52 - [1;34mclipse_gui.controller[0m - [1;32mINFO[0m - Quitting application.
2025-07-02 20:49:52 - [1;34m__main__[0m - [1;32mINFO[0m - Application exited with status 0.
2025-07-02 21:38:55 - [1;34m__main__[0m - [1;32mINFO[0m - Logging initialized at INFO level. Log file: /home/vanilla/.config/clipse-gui/clipse-gui.log
2025-07-02 21:39:03 - [1;34m__main__[0m - [1;32mINFO[0m - Application exited with status 0.
2025-07-02 22:23:05 - [1;34m__main__[0m - [1;32mINFO[0m - Logging initialized at INFO level. Log file: /home/vanilla/.config/clipse-gui/clipse-gui.log
2025-07-02 22:23:09 - [1;34mclipse_gui.controller[0m - [1;32mINFO[0m - Quitting application.
2025-07-02 22:23:09 - [1;34m__main__[0m - [1;32mINFO[0m - Application exited with status 0.
2025-07-02 22:58:42 - [1;34m__main__[0m - [1;32mINFO[0m - Logging initialized at INFO level. Log file: /home/vanilla/.config/clipse-gui/clipse-gui.log
2025-07-02 22:58:44 - [1;34mclipse_gui.controller[0m - [1;32mINFO[0m - Quitting application.
2025-07-02 22:58:44 - [1;34m__main__[0m - [1;32mINFO[0m - Application exited with status 0.
2025-07-02 23:32:33 - [1;34m__main__[0m - [1;32mINFO[0m - Logging initialized at INFO level. Log file: /home/vanilla/.config/clipse-gui/clipse-gui.log
2025-07-02 23:32:35 - [1;34mclipse_gui.controller[0m - [1;32mINFO[0m - Image copied successfully.
2025-07-02 23:32:35 - [1;34mclipse_gui.controller[0m - [1;32mINFO[0m - Quitting application.
2025-07-02 23:32:35 - [1;34m__main__[0m - [1;32mINFO[0m - Application exited with status 0.
2025-07-02 23:34:59 - [1;34m__main__[0m - [1;32mINFO[0m - Logging initialized at INFO level. Log file: /home/vanilla/.config/clipse-gui/clipse-gui.log
2025-07-02 23:35:00 - [1;34mclipse_gui.controller[0m - [1;32mINFO[0m - Image copied successfully.
2025-07-02 23:35:00 - [1;34mclipse_gui.controller[0m - [1;32mINFO[0m - Quitting application.
2025-07-02 23:35:00 - [1;34m__main__[0m - [1;32mINFO[0m - Application exited with status 0.
2025-07-02 23:35:03 - [1;34m__main__[0m - [1;32mINFO[0m - Logging initialized at INFO level. Log file: /home/vanilla/.config/clipse-gui/clipse-gui.log
2025-07-02 23:35:04 - [1;34mclipse_gui.controller[0m - [1;32mINFO[0m - Quitting application.
2025-07-02 23:35:04 - [1;34m__main__[0m - [1;32mINFO[0m - Application exited with status 0.
2025-07-03 00:01:01 - [1;34m__main__[0m - [1;32mINFO[0m - Logging initialized at INFO level. Log file: /home/vanilla/.config/clipse-gui/clipse-gui.log
2025-07-03 00:01:08 - [1;34mclipse_gui.controller[0m - [1;32mINFO[0m - Image copied successfully.
2025-07-03 00:01:08 - [1;34mclipse_gui.controller[0m - [1;32mINFO[0m - Quitting application.
2025-07-03 00:01:08 - [1;34m__main__[0m - [1;32mINFO[0m - Application exited with status 0.
2025-07-03 01:24:18 - [1;34m__main__[0m - [1;32mINFO[0m - Logging initialized at INFO level. Log file: /home/vanilla/.config/clipse-gui/clipse-gui.log
2025-07-03 01:24:38 - [1;34mclipse_gui.controller[0m - [1;32mINFO[0m - Paste simulation (wtype) command successful.
2025-07-03 01:24:38 - [1;34mclipse_gui.controller[0m - [1;32mINFO[0m - Paste simulation command successful.
2025-07-03 01:24:38 - [1;34mclipse_gui.controller[0m - [1;32mINFO[0m - Quitting application.
2025-07-03 01:24:38 - [1;34m__main__[0m - [1;32mINFO[0m - Application exited with status 0.
2025-07-03 02:47:46 - [1;34m__main__[0m - [1;32mINFO[0m - Logging initialized at INFO level. Log file: /home/vanilla/.config/clipse-gui/clipse-gui.log
2025-07-03 02:47:54 - [1;34m__main__[0m - [1;32mINFO[0m - Application exited with status 0.
2025-07-03 13:42:50 - [1;34m__main__[0m - [1;32mINFO[0m - Logging initialized at INFO level. Log file: /home/vanilla/.config/clipse-gui/clipse-gui.log
2025-07-03 13:42:52 - [1;34m__main__[0m - [1;32mINFO[0m - Application exited with status 0.
2025-07-03 14:21:19 - [1;34m__main__[0m - [1;32mINFO[0m - Logging initialized at INFO level. Log file: /home/vanilla/.config/clipse-gui/clipse-gui.log
2025-07-03 14:21:28 - [1;34mclipse_gui.controller[0m - [1;32mINFO[0m - Quitting application.
2025-07-03 14:21:28 - [1;34m__main__[0m - [1;32mINFO[0m - Application exited with status 0.
2025-07-03 14:45:33 - [1;34m__main__[0m - [1;32mINFO[0m - Logging initialized at INFO level. Log file: /home/vanilla/.config/clipse-gui/clipse-gui.log
2025-07-03 14:45:41 - [1;34mclipse_gui.controller[0m - [1;32mINFO[0m - Image copied successfully.
2025-07-03 14:45:41 - [1;34mclipse_gui.controller[0m - [1;32mINFO[0m - Quitting application.
2025-07-03 14:45:41 - [1;34m__main__[0m - [1;32mINFO[0m - Application exited with status 0.
2025-07-03 14:45:55 - [1;34m__main__[0m - [1;32mINFO[0m - Logging initialized at INFO level. Log file: /home/vanilla/.config/clipse-gui/clipse-gui.log
2025-07-03 14:45:57 - [1;34mclipse_gui.controller[0m - [1;32mINFO[0m - Image copied successfully.
2025-07-03 14:45:57 - [1;34mclipse_gui.controller[0m - [1;32mINFO[0m - Quitting application.
2025-07-03 14:45:57 - [1;34m__main__[0m - [1;32mINFO[0m - Application exited with status 0.
2025-07-03 14:48:40 - [1;34m__main__[0m - [1;32mINFO[0m - Logging initialized at INFO level. Log file: /home/vanilla/.config/clipse-gui/clipse-gui.log
2025-07-03 14:48:43 - [1;34mclipse_gui.controller[0m - [1;32mINFO[0m - Image copied successfully.
2025-07-03 14:48:43 - [1;34mclipse_gui.controller[0m - [1;32mINFO[0m - Quitting application.
2025-07-03 14:48:43 - [1;34m__main__[0m - [1;32mINFO[0m - Application exited with status 0.
2025-07-03 14:48:46 - [1;34m__main__[0m - [1;32mINFO[0m - Logging initialized at INFO level. Log file: /home/vanilla/.config/clipse-gui/clipse-gui.log
2025-07-03 14:48:49 - [1;34mclipse_gui.controller[0m - [1;32mINFO[0m - Image copied successfully.
2025-07-03 14:48:49 - [1;34mclipse_gui.controller[0m - [1;32mINFO[0m - Quitting application.
2025-07-03 14:48:49 - [1;34m__main__[0m - [1;32mINFO[0m - Application exited with status 0.
2025-07-03 14:49:56 - [1;34m__main__[0m - [1;32mINFO[0m - Logging initialized at INFO level. Log file: /home/vanilla/.config/clipse-gui/clipse-gui.log
2025-07-03 14:49:58 - [1;34mclipse_gui.controller[0m - [1;32mINFO[0m - Image copied successfully.
2025-07-03 14:49:58 - [1;34mclipse_gui.controller[0m - [1;32mINFO[0m - Quitting application.
2025-07-03 14:49:58 - [1;34m__main__[0m - [1;32mINFO[0m - Application exited with status 0.
2025-07-03 14:50:38 - [1;34m__main__[0m - [1;32mINFO[0m - Logging initialized at INFO level. Log file: /home/vanilla/.config/clipse-gui/clipse-gui.log
2025-07-03 14:50:41 - [1;34mclipse_gui.controller[0m - [1;32mINFO[0m - Image copied successfully.
2025-07-03 14:50:41 - [1;34mclipse_gui.controller[0m - [1;32mINFO[0m - Quitting application.
2025-07-03 14:50:41 - [1;34m__main__[0m - [1;32mINFO[0m - Application exited with status 0.
2025-07-03 14:50:43 - [1;34m__main__[0m - [1;32mINFO[0m - Logging initialized at INFO level. Log file: /home/vanilla/.config/clipse-gui/clipse-gui.log
2025-07-03 14:50:45 - [1;34mclipse_gui.controller[0m - [1;32mINFO[0m - Image copied successfully.
2025-07-03 14:50:45 - [1;34mclipse_gui.controller[0m - [1;32mINFO[0m - Quitting application.
2025-07-03 14:50:45 - [1;34m__main__[0m - [1;32mINFO[0m - Application exited with status 0.
2025-07-03 14:54:12 - [1;34m__main__[0m - [1;32mINFO[0m - Logging initialized at INFO level. Log file: /home/vanilla/.config/clipse-gui/clipse-gui.log
2025-07-03 14:54:15 - [1;34mclipse_gui.controller[0m - [1;32mINFO[0m - Image copied successfully.
2025-07-03 14:54:15 - [1;34mclipse_gui.controller[0m - [1;32mINFO[0m - Quitting application.
2025-07-03 14:54:15 - [1;34m__main__[0m - [1;32mINFO[0m - Application exited with status 0.
2025-07-03 14:54:17 - [1;34m__main__[0m - [1;32mINFO[0m - Logging initialized at INFO level. Log file: /home/vanilla/.config/clipse-gui/clipse-gui.log
2025-07-03 14:54:19 - [1;34mclipse_gui.controller[0m - [1;32mINFO[0m - Image copied successfully.
2025-07-03 14:54:19 - [1;34mclipse_gui.controller[0m - [1;32mINFO[0m - Quitting application.
2025-07-03 14:54:19 - [1;34m__main__[0m - [1;32mINFO[0m - Application exited with status 0.
2025-07-03 14:54:21 - [1;34m__main__[0m - [1;32mINFO[0m - Logging initialized at INFO level. Log file: /home/vanilla/.config/clipse-gui/clipse-gui.log
2025-07-03 14:54:28 - [1;34mclipse_gui.controller[0m - [1;32mINFO[0m - Quitting application.
2025-07-03 14:54:28 - [1;34m__main__[0m - [1;32mINFO[0m - Application exited with status 0.
2025-07-03 19:10:55 - [1;34m__main__[0m - [1;32mINFO[0m - Logging initialized at INFO level. Log file: /home/vanilla/.config/clipse-gui/clipse-gui.log
2025-07-03 19:11:00 - [1;34m__main__[0m - [1;32mINFO[0m - Application exited with status 0.
2025-07-03 19:11:13 - [1;34m__main__[0m - [1;32mINFO[0m - Logging initialized at INFO level. Log file: /home/vanilla/.config/clipse-gui/clipse-gui.log
2025-07-03 19:11:15 - [1;34mclipse_gui.controller[0m - [1;32mINFO[0m - Quitting application.
2025-07-03 19:11:15 - [1;34m__main__[0m - [1;32mINFO[0m - Application exited with status 0.
2025-07-03 19:45:08 - [1;34m__main__[0m - [1;32mINFO[0m - Logging initialized at INFO level. Log file: /home/vanilla/.config/clipse-gui/clipse-gui.log
2025-07-03 19:45:10 - [1;34mclipse_gui.controller[0m - [1;32mINFO[0m - Quitting application.
2025-07-03 19:45:10 - [1;34m__main__[0m - [1;32mINFO[0m - Application exited with status 0.
2025-07-03 19:56:47 - [1;34m__main__[0m - [1;32mINFO[0m - Logging initialized at INFO level. Log file: /home/vanilla/.config/clipse-gui/clipse-gui.log
2025-07-03 19:56:49 - [1;34mclipse_gui.controller[0m - [1;32mINFO[0m - Quitting application.
2025-07-03 19:56:49 - [1;34m__main__[0m - [1;32mINFO[0m - Application exited with status 0.
2025-07-03 19:59:55 - [1;34m__main__[0m - [1;32mINFO[0m - Logging initialized at INFO level. Log file: /home/vanilla/.config/clipse-gui/clipse-gui.log
2025-07-03 19:59:57 - [1;34mclipse_gui.controller[0m - [1;32mINFO[0m - Quitting application.
2025-07-03 19:59:57 - [1;34m__main__[0m - [1;32mINFO[0m - Application exited with status 0.
2025-07-03 20:00:30 - [1;34m__main__[0m - [1;32mINFO[0m - Logging initialized at INFO level. Log file: /home/vanilla/.config/clipse-gui/clipse-gui.log
2025-07-03 20:00:34 - [1;34mclipse_gui.controller[0m - [1;32mINFO[0m - Quitting application.
2025-07-03 20:00:34 - [1;34m__main__[0m - [1;32mINFO[0m - Application exited with status 0.
2025-07-03 20:03:21 - [1;34m__main__[0m - [1;32mINFO[0m - Logging initialized at INFO level. Log file: /home/vanilla/.config/clipse-gui/clipse-gui.log
2025-07-03 20:03:22 - [1;34mclipse_gui.controller[0m - [1;32mINFO[0m - Quitting application.
2025-07-03 20:03:22 - [1;34m__main__[0m - [1;32mINFO[0m - Application exited with status 0.
2025-07-03 20:13:18 - [1;34m__main__[0m - [1;32mINFO[0m - Logging initialized at INFO level. Log file: /home/vanilla/.config/clipse-gui/clipse-gui.log
2025-07-03 20:13:20 - [1;34mclipse_gui.controller[0m - [1;32mINFO[0m - Quitting application.
2025-07-03 20:13:20 - [1;34m__main__[0m - [1;32mINFO[0m - Application exited with status 0.
2025-07-03 20:40:47 - [1;34m__main__[0m - [1;32mINFO[0m - Logging initialized at INFO level. Log file: /home/vanilla/.config/clipse-gui/clipse-gui.log
2025-07-03 20:40:50 - [1;34mclipse_gui.controller[0m - [1;32mINFO[0m - Quitting application.
2025-07-03 20:40:50 - [1;34m__main__[0m - [1;32mINFO[0m - Application exited with status 0.
2025-07-05 16:55:30 - [1;34m__main__[0m - [1;32mINFO[0m - Logging initialized at INFO level. Log file: /home/vanilla/.config/clipse-gui/clipse-gui.log
2025-07-05 16:55:39 - [1;34mclipse_gui.controller[0m - [1;32mINFO[0m - Quitting application.
2025-07-05 16:55:39 - [1;34m__main__[0m - [1;32mINFO[0m - Application exited with status 0.
2025-07-05 17:54:17 - [1;34m__main__[0m - [1;32mINFO[0m - Logging initialized at INFO level. Log file: /home/vanilla/.config/clipse-gui/clipse-gui.log
2025-07-05 17:54:20 - [1;34mclipse_gui.controller[0m - [1;32mINFO[0m - Quitting application.
2025-07-05 17:54:20 - [1;34m__main__[0m - [1;32mINFO[0m - Application exited with status 0.
2025-07-05 18:17:52 - [1;34m__main__[0m - [1;32mINFO[0m - Logging initialized at INFO level. Log file: /home/vanilla/.config/clipse-gui/clipse-gui.log
2025-07-05 18:17:54 - [1;34mclipse_gui.controller[0m - [1;32mINFO[0m - Quitting application.
2025-07-05 18:17:54 - [1;34m__main__[0m - [1;32mINFO[0m - Application exited with status 0.
2025-07-05 21:00:03 - [1;34m__main__[0m - [1;32mINFO[0m - Logging initialized at INFO level. Log file: /home/vanilla/.config/clipse-gui/clipse-gui.log
2025-07-05 21:00:10 - [1;34mclipse_gui.controller[0m - [1;32mINFO[0m - Quitting application.
2025-07-05 21:00:10 - [1;34m__main__[0m - [1;32mINFO[0m - Application exited with status 0.
2025-07-05 21:08:31 - [1;34m__main__[0m - [1;32mINFO[0m - Logging initialized at INFO level. Log file: /home/vanilla/.config/clipse-gui/clipse-gui.log
2025-07-05 21:08:42 - [1;34mclipse_gui.controller[0m - [1;32mINFO[0m - Quitting application.
2025-07-05 21:08:42 - [1;34m__main__[0m - [1;32mINFO[0m - Application exited with status 0.
2025-07-05 21:08:46 - [1;34m__main__[0m - [1;32mINFO[0m - Logging initialized at INFO level. Log file: /home/vanilla/.config/clipse-gui/clipse-gui.log
2025-07-05 21:08:52 - [1;34mclipse_gui.controller[0m - [1;32mINFO[0m - Quitting application.
2025-07-05 21:08:52 - [1;34m__main__[0m - [1;32mINFO[0m - Application exited with status 0.
2025-07-05 21:08:54 - [1;34m__main__[0m - [1;32mINFO[0m - Logging initialized at INFO level. Log file: /home/vanilla/.config/clipse-gui/clipse-gui.log
2025-07-05 21:08:58 - [1;34mclipse_gui.controller[0m - [1;32mINFO[0m - Quitting application.
2025-07-05 21:08:58 - [1;34m__main__[0m - [1;32mINFO[0m - Application exited with status 0.
2025-07-05 21:09:02 - [1;34m__main__[0m - [1;32mINFO[0m - Logging initialized at INFO level. Log file: /home/vanilla/.config/clipse-gui/clipse-gui.log
2025-07-05 21:09:04 - [1;34mclipse_gui.controller[0m - [1;32mINFO[0m - Quitting application.
2025-07-05 21:09:04 - [1;34m__main__[0m - [1;32mINFO[0m - Application exited with status 0.
2025-07-05 22:38:48 - [1;34m__main__[0m - [1;32mINFO[0m - Logging initialized at INFO level. Log file: /home/vanilla/.config/clipse-gui/clipse-gui.log
2025-07-05 22:38:50 - [1;34mclipse_gui.controller[0m - [1;32mINFO[0m - Image copied successfully.
2025-07-05 22:38:50 - [1;34mclipse_gui.controller[0m - [1;32mINFO[0m - Quitting application.
2025-07-05 22:38:50 - [1;34m__main__[0m - [1;32mINFO[0m - Application exited with status 0.
2025-07-05 22:45:33 - [1;34m__main__[0m - [1;32mINFO[0m - Logging initialized at INFO level. Log file: /home/vanilla/.config/clipse-gui/clipse-gui.log
2025-07-05 22:45:40 - [1;34mclipse_gui.controller[0m - [1;32mINFO[0m - Quitting application.
2025-07-05 22:45:40 - [1;34m__main__[0m - [1;32mINFO[0m - Application exited with status 0.
2025-07-05 22:46:03 - [1;34m__main__[0m - [1;32mINFO[0m - Logging initialized at INFO level. Log file: /home/vanilla/.config/clipse-gui/clipse-gui.log
2025-07-05 22:46:07 - [1;34mclipse_gui.controller[0m - [1;32mINFO[0m - Quitting application.
2025-07-05 22:46:07 - [1;34m__main__[0m - [1;32mINFO[0m - Application exited with status 0.
2025-07-05 22:46:18 - [1;34m__main__[0m - [1;32mINFO[0m - Logging initialized at INFO level. Log file: /home/vanilla/.config/clipse-gui/clipse-gui.log
2025-07-05 22:46:21 - [1;34mclipse_gui.controller[0m - [1;32mINFO[0m - Quitting application.
2025-07-05 22:46:21 - [1;34m__main__[0m - [1;32mINFO[0m - Application exited with status 0.
2025-07-05 22:46:30 - [1;34m__main__[0m - [1;32mINFO[0m - Logging initialized at INFO level. Log file: /home/vanilla/.config/clipse-gui/clipse-gui.log
2025-07-05 22:46:44 - [1;34mclipse_gui.controller[0m - [1;32mINFO[0m - Quitting application.
2025-07-05 22:46:44 - [1;34m__main__[0m - [1;32mINFO[0m - Application exited with status 0.
2025-07-06 01:22:36 - [1;34m__main__[0m - [1;32mINFO[0m - Logging initialized at INFO level. Log file: /home/vanilla/.config/clipse-gui/clipse-gui.log
2025-07-06 01:22:38 - [1;34mclipse_gui.controller[0m - [1;32mINFO[0m - Quitting application.
2025-07-06 01:22:38 - [1;34m__main__[0m - [1;32mINFO[0m - Application exited with status 0.
2025-07-06 03:02:16 - [1;34m__main__[0m - [1;32mINFO[0m - Logging initialized at INFO level. Log file: /home/vanilla/.config/clipse-gui/clipse-gui.log
2025-07-06 03:02:22 - [1;34mclipse_gui.controller[0m - [1;32mINFO[0m - Image copied successfully.
2025-07-06 03:02:22 - [1;34mclipse_gui.controller[0m - [1;32mINFO[0m - Quitting application.
2025-07-06 03:02:22 - [1;34m__main__[0m - [1;32mINFO[0m - Application exited with status 0.
2025-07-06 03:02:25 - [1;34m__main__[0m - [1;32mINFO[0m - Logging initialized at INFO level. Log file: /home/vanilla/.config/clipse-gui/clipse-gui.log
2025-07-06 03:02:28 - [1;34m__main__[0m - [1;32mINFO[0m - Application exited with status 0.
2025-07-06 03:02:30 - [1;34m__main__[0m - [1;32mINFO[0m - Logging initialized at INFO level. Log file: /home/vanilla/.config/clipse-gui/clipse-gui.log
2025-07-06 03:02:32 - [1;34mclipse_gui.controller[0m - [1;32mINFO[0m - Image copied successfully.
2025-07-06 03:02:32 - [1;34mclipse_gui.controller[0m - [1;32mINFO[0m - Quitting application.
2025-07-06 03:02:32 - [1;34m__main__[0m - [1;32mINFO[0m - Application exited with status 0.
2025-07-06 03:02:36 - [1;34m__main__[0m - [1;32mINFO[0m - Logging initialized at INFO level. Log file: /home/vanilla/.config/clipse-gui/clipse-gui.log
2025-07-06 03:02:37 - [1;34m__main__[0m - [1;32mINFO[0m - Application exited with status 0.
2025-07-06 03:06:29 - [1;34m__main__[0m - [1;32mINFO[0m - Logging initialized at INFO level. Log file: /home/vanilla/.config/clipse-gui/clipse-gui.log
2025-07-06 03:06:31 - [1;34mclipse_gui.controller[0m - [1;32mINFO[0m - Quitting application.
2025-07-06 03:06:31 - [1;34m__main__[0m - [1;32mINFO[0m - Application exited with status 0.
2025-07-06 11:02:10 - [1;34m__main__[0m - [1;32mINFO[0m - Logging initialized at INFO level. Log file: /home/vanilla/.config/clipse-gui/clipse-gui.log
2025-07-06 11:02:13 - [1;34m__main__[0m - [1;32mINFO[0m - Application exited with status 0.
2025-07-06 11:20:41 - [1;34m__main__[0m - [1;32mINFO[0m - Logging initialized at INFO level. Log file: /home/vanilla/.config/clipse-gui/clipse-gui.log
2025-07-06 11:22:23 - [1;34mclipse_gui.controller[0m - [1;32mINFO[0m - Image copied successfully.
2025-07-06 11:22:23 - [1;34mclipse_gui.controller[0m - [1;32mINFO[0m - Paste simulation (wtype) command successful.
2025-07-06 11:22:23 - [1;34mclipse_gui.controller[0m - [1;32mINFO[0m - Paste simulation command successful.
2025-07-06 11:22:23 - [1;34mclipse_gui.controller[0m - [1;32mINFO[0m - Quitting application.
2025-07-06 11:22:23 - [1;34m__main__[0m - [1;32mINFO[0m - Application exited with status 0.
2025-07-06 11:37:17 - [1;34m__main__[0m - [1;32mINFO[0m - Logging initialized at INFO level. Log file: /home/vanilla/.config/clipse-gui/clipse-gui.log
2025-07-06 11:37:27 - [1;34mclipse_gui.controller[0m - [1;32mINFO[0m - Status Flash: Selection copied from preview
2025-07-06 11:38:14 - [1;34m__main__[0m - [1;32mINFO[0m - Application exited with status 0.
2025-07-06 13:16:08 - [1;34m__main__[0m - [1;32mINFO[0m - Logging initialized at INFO level. Log file: /home/vanilla/.config/clipse-gui/clipse-gui.log
2025-07-06 13:16:12 - [1;34m__main__[0m - [1;32mINFO[0m - Application exited with status 0.
2025-07-06 16:12:25 - [1;34m__main__[0m - [1;32mINFO[0m - Logging initialized at INFO level. Log file: /home/vanilla/.config/clipse-gui/clipse-gui.log
2025-07-06 16:13:30 - [1;34m__main__[0m - [1;32mINFO[0m - Application exited with status 0.
2025-07-06 16:15:22 - [1;34m__main__[0m - [1;32mINFO[0m - Logging initialized at INFO level. Log file: /home/vanilla/.config/clipse-gui/clipse-gui.log
2025-07-06 16:15:40 - [1;34mclipse_gui.controller[0m - [1;32mINFO[0m - Quitting application.
2025-07-06 16:15:40 - [1;34m__main__[0m - [1;32mINFO[0m - Application exited with status 0.
2025-07-06 16:15:47 - [1;34m__main__[0m - [1;32mINFO[0m - Logging initialized at INFO level. Log file: /home/vanilla/.config/clipse-gui/clipse-gui.log
2025-07-06 16:15:49 - [1;34m__main__[0m - [1;32mINFO[0m - Logging initialized at INFO level. Log file: /home/vanilla/.config/clipse-gui/clipse-gui.log
2025-07-06 16:15:49 - [1;34m__main__[0m - [1;32mINFO[0m - Application exited with status 0.
2025-07-06 16:15:51 - [1;34m__main__[0m - [1;32mINFO[0m - Application exited with status 0.
2025-07-06 16:15:52 - [1;34m__main__[0m - [1;32mINFO[0m - Logging initialized at INFO level. Log file: /home/vanilla/.config/clipse-gui/clipse-gui.log
2025-07-06 16:15:59 - [1;34mclipse_gui.controller[0m - [1;32mINFO[0m - Quitting application.
2025-07-06 16:15:59 - [1;34m__main__[0m - [1;32mINFO[0m - Application exited with status 0.
2025-07-06 16:23:50 - [1;34m__main__[0m - [1;32mINFO[0m - Logging initialized at INFO level. Log file: /home/vanilla/.config/clipse-gui/clipse-gui.log
2025-07-06 16:23:53 - [1;34mclipse_gui.controller[0m - [1;32mINFO[0m - Quitting application.
2025-07-06 16:23:53 - [1;34m__main__[0m - [1;32mINFO[0m - Application exited with status 0.
2025-07-06 16:28:17 - [1;34m__main__[0m - [1;32mINFO[0m - Logging initialized at INFO level. Log file: /home/vanilla/.config/clipse-gui/clipse-gui.log
2025-07-06 16:28:19 - [1;34mclipse_gui.controller[0m - [1;32mINFO[0m - Quitting application.
2025-07-06 16:28:19 - [1;34m__main__[0m - [1;32mINFO[0m - Application exited with status 0.
2025-07-06 16:31:34 - [1;34m__main__[0m - [1;32mINFO[0m - Logging initialized at INFO level. Log file: /home/vanilla/.config/clipse-gui/clipse-gui.log
2025-07-06 16:31:37 - [1;34mclipse_gui.controller[0m - [1;32mINFO[0m - Quitting application.
2025-07-06 16:31:37 - [1;34m__main__[0m - [1;32mINFO[0m - Application exited with status 0.
2025-07-06 16:32:00 - [1;34m__main__[0m - [1;32mINFO[0m - Logging initialized at INFO level. Log file: /home/vanilla/.config/clipse-gui/clipse-gui.log
2025-07-06 16:32:01 - [1;34m__main__[0m - [1;32mINFO[0m - Application exited with status 0.
2025-07-06 17:33:24 - [1;34m__main__[0m - [1;32mINFO[0m - Logging initialized at INFO level. Log file: /home/vanilla/.config/clipse-gui/clipse-gui.log
2025-07-06 17:33:35 - [1;34m__main__[0m - [1;32mINFO[0m - Application exited with status 0.
2025-07-06 17:33:39 - [1;34m__main__[0m - [1;32mINFO[0m - Logging initialized at INFO level. Log file: /home/vanilla/.config/clipse-gui/clipse-gui.log
2025-07-06 17:33:43 - [1;34mclipse_gui.controller[0m - [1;32mINFO[0m - Paste simulation (wtype) command successful.
2025-07-06 17:33:43 - [1;34mclipse_gui.controller[0m - [1;32mINFO[0m - Paste simulation command successful.
2025-07-06 17:33:43 - [1;34mclipse_gui.controller[0m - [1;32mINFO[0m - Quitting application.
2025-07-06 17:33:43 - [1;34m__main__[0m - [1;32mINFO[0m - Application exited with status 0.
2025-07-06 19:28:38 - [1;34m__main__[0m - [1;32mINFO[0m - Logging initialized at INFO level. Log file: /home/vanilla/.config/clipse-gui/clipse-gui.log
2025-07-06 19:28:40 - [1;34mclipse_gui.controller[0m - [1;32mINFO[0m - Quitting application.
2025-07-06 19:28:40 - [1;34m__main__[0m - [1;32mINFO[0m - Application exited with status 0.
2025-07-06 21:29:37 - [1;34m__main__[0m - [1;32mINFO[0m - Logging initialized at INFO level. Log file: /home/vanilla/.config/clipse-gui/clipse-gui.log
2025-07-06 21:29:41 - [1;34mclipse_gui.controller[0m - [1;32mINFO[0m - Quitting application.
2025-07-06 21:29:41 - [1;34m__main__[0m - [1;32mINFO[0m - Application exited with status 0.
2025-07-06 23:56:30 - [1;34m__main__[0m - [1;32mINFO[0m - Logging initialized at INFO level. Log file: /home/vanilla/.config/clipse-gui/clipse-gui.log
2025-07-06 23:56:38 - [1;34mclipse_gui.controller[0m - [1;32mINFO[0m - Quitting application.
2025-07-06 23:56:38 - [1;34m__main__[0m - [1;32mINFO[0m - Application exited with status 0.
2025-07-07 11:41:38 - [1;34m__main__[0m - [1;32mINFO[0m - Logging initialized at INFO level. Log file: /home/vanilla/.config/clipse-gui/clipse-gui.log
2025-07-07 11:41:40 - [1;34mclipse_gui.controller[0m - [1;32mINFO[0m - Quitting application.
2025-07-07 11:41:40 - [1;34m__main__[0m - [1;32mINFO[0m - Application exited with status 0.
2025-07-07 12:44:52 - [1;34m__main__[0m - [1;32mINFO[0m - Logging initialized at INFO level. Log file: /home/vanilla/.config/clipse-gui/clipse-gui.log
2025-07-07 12:44:54 - [1;34mclipse_gui.controller[0m - [1;32mINFO[0m - Quitting application.
2025-07-07 12:44:54 - [1;34m__main__[0m - [1;32mINFO[0m - Application exited with status 0.
2025-07-07 16:31:27 - [1;34m__main__[0m - [1;32mINFO[0m - Logging initialized at INFO level. Log file: /home/vanilla/.config/clipse-gui/clipse-gui.log
2025-07-07 16:31:37 - [1;34m__main__[0m - [1;32mINFO[0m - Application exited with status 0.
2025-07-07 16:49:19 - [1;34m__main__[0m - [1;32mINFO[0m - Logging initialized at INFO level. Log file: /home/vanilla/.config/clipse-gui/clipse-gui.log
2025-07-07 16:49:28 - [1;34mclipse_gui.controller[0m - [1;32mINFO[0m - Quitting application.
2025-07-07 16:49:28 - [1;34m__main__[0m - [1;32mINFO[0m - Application exited with status 0.
2025-07-07 16:49:35 - [1;34m__main__[0m - [1;32mINFO[0m - Logging initialized at INFO level. Log file: /home/vanilla/.config/clipse-gui/clipse-gui.log
2025-07-07 16:49:49 - [1;34mclipse_gui.controller[0m - [1;32mINFO[0m - Quitting application.
2025-07-07 16:49:49 - [1;34m__main__[0m - [1;32mINFO[0m - Application exited with status 0.
2025-07-07 17:03:18 - [1;34m__main__[0m - [1;32mINFO[0m - Logging initialized at INFO level. Log file: /home/vanilla/.config/clipse-gui/clipse-gui.log
2025-07-07 17:03:20 - [1;34m__main__[0m - [1;32mINFO[0m - Application exited with status 0.
2025-07-07 18:41:54 - [1;34m__main__[0m - [1;32mINFO[0m - Logging initialized at INFO level. Log file: /home/vanilla/.config/clipse-gui/clipse-gui.log
2025-07-07 18:41:58 - [1;34m__main__[0m - [1;32mINFO[0m - Application exited with status 0.
2025-07-07 19:39:36 - [1;34m__main__[0m - [1;32mINFO[0m - Logging initialized at INFO level. Log file: /home/vanilla/.config/clipse-gui/clipse-gui.log
2025-07-07 19:39:37 - [1;34mclipse_gui.controller[0m - [1;32mINFO[0m - Quitting application.
2025-07-07 19:39:37 - [1;34m__main__[0m - [1;32mINFO[0m - Application exited with status 0.
2025-07-07 20:42:27 - [1;34m__main__[0m - [1;32mINFO[0m - Logging initialized at INFO level. Log file: /home/vanilla/.config/clipse-gui/clipse-gui.log
2025-07-07 20:42:31 - [1;34m__main__[0m - [1;32mINFO[0m - Application exited with status 0.
2025-07-07 21:08:59 - [1;34m__main__[0m - [1;32mINFO[0m - Logging initialized at INFO level. Log file: /home/vanilla/.config/clipse-gui/clipse-gui.log
2025-07-07 21:09:00 - [1;34mclipse_gui.controller[0m - [1;32mINFO[0m - Quitting application.
2025-07-07 21:09:00 - [1;34m__main__[0m - [1;32mINFO[0m - Application exited with status 0.
2025-07-08 17:11:36 - [1;34m__main__[0m - [1;32mINFO[0m - Logging initialized at INFO level. Log file: /home/vanilla/.config/clipse-gui/clipse-gui.log
2025-07-08 17:11:52 - [1;34mclipse_gui.controller[0m - [1;32mINFO[0m - Quitting application.
2025-07-08 17:11:52 - [1;34m__main__[0m - [1;32mINFO[0m - Application exited with status 0.
2025-07-08 17:13:59 - [1;34m__main__[0m - [1;32mINFO[0m - Logging initialized at INFO level. Log file: /home/vanilla/.config/clipse-gui/clipse-gui.log
2025-07-08 17:14:04 - [1;34mclipse_gui.controller[0m - [1;32mINFO[0m - Quitting application.
2025-07-08 17:14:04 - [1;34m__main__[0m - [1;32mINFO[0m - Application exited with status 0.
2025-07-08 17:14:12 - [1;34m__main__[0m - [1;32mINFO[0m - Logging initialized at INFO level. Log file: /home/vanilla/.config/clipse-gui/clipse-gui.log
2025-07-08 17:14:19 - [1;34m__main__[0m - [1;32mINFO[0m - Logging initialized at INFO level. Log file: /home/vanilla/.config/clipse-gui/clipse-gui.log
2025-07-08 17:14:19 - [1;34m__main__[0m - [1;32mINFO[0m - Application exited with status 0.
2025-07-08 17:14:22 - [1;34m__main__[0m - [1;32mINFO[0m - Logging initialized at INFO level. Log file: /home/vanilla/.config/clipse-gui/clipse-gui.log
2025-07-08 17:14:22 - [1;34m__main__[0m - [1;32mINFO[0m - Application exited with status 0.
2025-07-08 17:14:24 - [1;34m__main__[0m - [1;32mINFO[0m - Application exited with status 0.
2025-07-08 17:14:26 - [1;34m__main__[0m - [1;32mINFO[0m - Logging initialized at INFO level. Log file: /home/vanilla/.config/clipse-gui/clipse-gui.log
2025-07-08 17:15:00 - [1;34mclipse_gui.controller[0m - [1;32mINFO[0m - Quitting application.
2025-07-08 17:15:00 - [1;34m__main__[0m - [1;32mINFO[0m - Application exited with status 0.
2025-07-08 17:52:42 - [1;34m__main__[0m - [1;32mINFO[0m - Logging initialized at INFO level. Log file: /home/vanilla/.config/clipse-gui/clipse-gui.log
2025-07-08 17:52:55 - [1;34mclipse_gui.controller[0m - [1;32mINFO[0m - Quitting application.
2025-07-08 17:52:55 - [1;34m__main__[0m - [1;32mINFO[0m - Application exited with status 0.
2025-07-08 18:01:39 - [1;34m__main__[0m - [1;32mINFO[0m - Logging initialized at INFO level. Log file: /home/vanilla/.config/clipse-gui/clipse-gui.log
2025-07-08 18:01:40 - [1;34mclipse_gui.controller[0m - [1;32mINFO[0m - Quitting application.
2025-07-08 18:01:40 - [1;34m__main__[0m - [1;32mINFO[0m - Application exited with status 0.
